<?xml version="1.0" encoding="UTF-8"?>
<!-- Generated by org.testng.reporters.JUnitReportReporter -->
<testsuite skipped="0" hostname="Amit-LT" name="nSP.testcases.TestCase_SelectMeal" tests="1" failures="0" timestamp="2021-09-20T21:02:16 IST" time="79.725" errors="0">
  <testcase name="testCaseSelectMeal" time="79.725" classname="nSP.testcases.TestCase_SelectMeal"/>
  <system-out/>
</testsuite> <!-- nSP.testcases.TestCase_SelectMeal -->
