<?xml version="1.0" encoding="UTF-8"?>
<!-- Generated by org.testng.reporters.JUnitReportReporter -->
<testsuite skipped="0" hostname="Amit-LT" name="nSP.testcases.TestCase_EmailTripSummary" tests="1" failures="0" timestamp="2021-09-20T20:56:32 IST" time="58.054" errors="0">
  <testcase name="EmailTripSummary" time="58.054" classname="nSP.testcases.TestCase_EmailTripSummary"/>
  <system-out/>
</testsuite> <!-- nSP.testcases.TestCase_EmailTripSummary -->
